<?xml version="1.0" encoding="UTF-8"?>
<!-- Generated by org.testng.reporters.JUnitXMLReporter -->
<testsuite ignored="0" hostname="DESKTOP-86K547P" failures="0" tests="6" name="Test" time="17.759" errors="0" timestamp="2021-11-26T18:24:39 EET">
  <testcase classname="testCalculator.CalculatorTest" name="Addition" time="1.956"/>
  <testcase classname="testCalculator.CalculatorTest" name="Combination" time="4.436"/>
  <testcase classname="testCalculator.CalculatorTest" name="Division" time="4.033"/>
  <testcase classname="testCalculator.CalculatorTest" name="Multiplication" time="2.298"/>
  <testcase classname="testCalculator.CalculatorTest" name="Subtraction" time="1.965"/>
  <testcase classname="testCalculator.CalculatorTest" name="Clear" time="0.539"/>
</testsuite> <!-- Test -->
