<?xml version="1.0" encoding="UTF-8"?>
<testng-results ignored="0" total="6" passed="6" failed="0" skipped="0">
  <reporter-output>
  </reporter-output>
  <suite started-at="2021-11-26T18:24:21 EET" name="Suite" finished-at="2021-11-26T18:24:39 EET" duration-ms="17759">
    <groups>
    </groups>
    <test started-at="2021-11-26T18:24:21 EET" name="Test" finished-at="2021-11-26T18:24:39 EET" duration-ms="17759">
      <class name="testCalculator.CalculatorTest">
        <test-method is-config="true" signature="setup()[pri:0, instance:testCalculator.CalculatorTest@56cdfb3b]" started-at="2021-11-26T18:24:21 EET" name="setup" finished-at="2021-11-26T18:24:24 EET" duration-ms="2381" status="PASS">
          <reporter-output>
          </reporter-output>
        </test-method> <!-- setup -->
        <test-method signature="Addition()[pri:0, instance:testCalculator.CalculatorTest@56cdfb3b]" started-at="2021-11-26T18:24:24 EET" name="Addition" finished-at="2021-11-26T18:24:26 EET" duration-ms="1956" status="PASS">
          <reporter-output>
          </reporter-output>
        </test-method> <!-- Addition -->
        <test-method signature="Combination()[pri:0, instance:testCalculator.CalculatorTest@56cdfb3b]" started-at="2021-11-26T18:24:26 EET" name="Combination" finished-at="2021-11-26T18:24:30 EET" duration-ms="4436" status="PASS">
          <reporter-output>
          </reporter-output>
        </test-method> <!-- Combination -->
        <test-method signature="Division()[pri:0, instance:testCalculator.CalculatorTest@56cdfb3b]" started-at="2021-11-26T18:24:30 EET" name="Division" finished-at="2021-11-26T18:24:34 EET" duration-ms="4033" status="PASS">
          <reporter-output>
          </reporter-output>
        </test-method> <!-- Division -->
        <test-method signature="Multiplication()[pri:0, instance:testCalculator.CalculatorTest@56cdfb3b]" started-at="2021-11-26T18:24:34 EET" name="Multiplication" finished-at="2021-11-26T18:24:36 EET" duration-ms="2298" status="PASS">
          <reporter-output>
          </reporter-output>
        </test-method> <!-- Multiplication -->
        <test-method signature="Subtraction()[pri:0, instance:testCalculator.CalculatorTest@56cdfb3b]" started-at="2021-11-26T18:24:36 EET" name="Subtraction" finished-at="2021-11-26T18:24:38 EET" duration-ms="1965" status="PASS">
          <reporter-output>
          </reporter-output>
        </test-method> <!-- Subtraction -->
        <test-method signature="Clear()[pri:0, instance:testCalculator.CalculatorTest@56cdfb3b]" started-at="2021-11-26T18:24:38 EET" name="Clear" finished-at="2021-11-26T18:24:39 EET" duration-ms="539" status="PASS">
          <reporter-output>
          </reporter-output>
        </test-method> <!-- Clear -->
        <test-method is-config="true" signature="TearDown()[pri:0, instance:testCalculator.CalculatorTest@56cdfb3b]" started-at="2021-11-26T18:24:39 EET" name="TearDown" finished-at="2021-11-26T18:24:39 EET" duration-ms="93" status="PASS">
          <reporter-output>
          </reporter-output>
        </test-method> <!-- TearDown -->
      </class> <!-- testCalculator.CalculatorTest -->
    </test> <!-- Test -->
  </suite> <!-- Suite -->
</testng-results>
